<?xml version="1.0" encoding="UTF-8"?>
<!-- Generated by org.testng.reporters.JUnitReportReporter -->
<testsuite hostname="1B3CZ22" name="validator.FindCertainExtension" tests="3" failures="0" timestamp="16 Aug 2016 10:08:36 GMT" time="394.915" errors="0">
  <testcase name="getAndVerifyLinksFromHTML" time="378.056" classname="validator.FindCertainExtension"/>
  <testcase name="downloadRequiredZip" time="16.665" classname="validator.FindCertainExtension"/>
  <testcase name="getHTMLFiles" time="0.194" classname="validator.FindCertainExtension"/>
</testsuite> <!-- validator.FindCertainExtension -->
