<?xml version="1.0" encoding="UTF-8"?>
<!-- Generated by org.testng.reporters.JUnitReportReporter -->
<testsuite hostname="1B3CZ22" name="validator.FindCertainExtension" tests="3" failures="0" timestamp="23 Jun 2016 15:38:46 GMT" time="2640.013" errors="0">
  <testcase name="getAndVerifyLinksFromHTML" time="2422.256" classname="validator.FindCertainExtension"/>
  <testcase name="downloadRequiredZip" time="214.436" classname="validator.FindCertainExtension"/>
  <testcase name="getHTMLFiles" time="3.321" classname="validator.FindCertainExtension"/>
</testsuite> <!-- validator.FindCertainExtension -->
